\BOOKMARK [0][-]{section*.2}{Hyper-order baryon number fluctuations at finite temperature and density}{}% 2
\BOOKMARK [1][-]{section*.1}{Abstract}{section*.2}% 1
\BOOKMARK [1][-]{section*.3}{Introduction}{section*.2}% 3
\BOOKMARK [1][-]{section*.4}{QCD and emergent low energy effective theories}{section*.2}% 4
\BOOKMARK [2][-]{section*.5}{Two-flavour setup}{section*.4}% 5
\BOOKMARK [2][-]{section*.6}{2+1-favour scale matching in 2-flavour QCD}{section*.4}% 6
\BOOKMARK [3][-]{section*.7}{Two- to 2+1-flavour scale matching in QCD}{section*.6}% 7
\BOOKMARK [3][-]{section*.8}{Two- to 2+1-flavour scale matching in LEFTs}{section*.6}% 8
\BOOKMARK [1][-]{section*.9}{Thermodynamics and Hyper-order baryon number fluctuations}{section*.2}% 9
\BOOKMARK [1][-]{section*.10}{Numerical results and discussions}{section*.2}% 10
\BOOKMARK [2][-]{section*.11}{Hyper-order baryon number fluctuations at vanishing density: benchmarks and predictions}{section*.10}% 11
\BOOKMARK [2][-]{section*.12}{Hyper-order baryon number fluctuations at finite density}{section*.10}% 12
\BOOKMARK [2][-]{section*.13}{Hyper-order baryon number fluctuations on the freeze-out curve}{section*.10}% 13
\BOOKMARK [1][-]{section*.14}{summary and conclusions}{section*.2}% 14
\BOOKMARK [1][-]{section*.15}{Acknowledgments}{section*.2}% 15
\BOOKMARK [1][-]{section*.16}{The fRG-approach to QCD \046 LEFTs}{section*.2}% 16
\BOOKMARK [1][-]{section*.17}{Flow equations for Vk\(\), hk, and ,q}{section*.2}% 17
\BOOKMARK [1][-]{section*.18}{Initial conditions}{section*.2}% 18
\BOOKMARK [1][-]{section*.19}{Glue potential}{section*.2}% 19
\BOOKMARK [1][-]{section*.20}{References}{section*.2}% 20
